<?xml version="1.0" encoding="UTF-8"?>
<!-- Generated by org.testng.reporters.JUnitReportReporter -->
<testsuite hostname="DESKTOP-G3TGTDA" failures="0" tests="7" name="testNGflags.Flag2" time="0.066" errors="0" timestamp="2023-03-02T21:26:20 IST" skipped="0">
  <testcase classname="testNGflags.Flag2" name="y" time="0.008"/>
  <system-out>
    <![CDATA[y method]]>
  </system-out>
  <testcase classname="testNGflags.Flag2" name="q" time="0.006"/>
  <system-out>
    <![CDATA[q method]]>
  </system-out>
  <testcase classname="testNGflags.Flag2" name="f" time="0.009"/>
  <system-out>
    <![CDATA[f method]]>
  </system-out>
  <testcase classname="testNGflags.Flag2" name="u" time="0.009"/>
  <system-out>
    <![CDATA[u method]]>
  </system-out>
  <testcase classname="testNGflags.Flag2" name="k" time="0.006"/>
  <system-out>
    <![CDATA[k method]]>
  </system-out>
  <testcase classname="testNGflags.Flag2" name="a" time="0.021"/>
  <system-out>
    <![CDATA[a method]]>
  </system-out>
  <testcase classname="testNGflags.Flag2" name="g" time="0.007"/>
  <system-out>
    <![CDATA[g method]]>
  </system-out>
</testsuite> <!-- testNGflags.Flag2 -->
