<?xml version="1.0" encoding="UTF-8"?>
<!-- Generated by org.testng.reporters.JUnitReportReporter -->
<testsuite hostname="DESKTOP-G3TGTDA" failures="0" tests="3" name="testNGflags.Flag6" time="0.041" errors="0" timestamp="2023-03-03T20:08:13 IST" skipped="0">
  <testcase classname="testNGflags.Flag6" name="createUser" time="0.005"/>
  <system-out>
    <![CDATA[create user method]]>
  </system-out>
  <testcase classname="testNGflags.Flag6" name="loginMethod" time="0.021"/>
  <system-out>
    <![CDATA[login method]]>
  </system-out>
  <testcase classname="testNGflags.Flag6" name="logoutMethod" time="0.015"/>
  <system-out>
    <![CDATA[logout method]]>
  </system-out>
</testsuite> <!-- testNGflags.Flag6 -->
