<?xml version="1.0" encoding="UTF-8"?>
<!-- Generated by org.testng.reporters.JUnitReportReporter -->
<testsuite hostname="DESKTOP-G3TGTDA" failures="0" tests="1" name="TestNgParalelExecution.Class1" time="27.972" errors="0" timestamp="2023-03-04T15:10:14 IST" skipped="0">
  <testcase classname="TestNgParalelExecution.Class1" name="mumbaiIndians" time="27.972"/>
  <system-out/>
</testsuite> <!-- TestNgParalelExecution.Class1 -->
