<?xml version="1.0" encoding="UTF-8"?>
<!-- Generated by org.testng.reporters.JUnitReportReporter -->
<testsuite hostname="DESKTOP-G3TGTDA" failures="0" tests="1" name="testNG.CheckReports" time="0.018" errors="0" timestamp="2023-03-02T15:43:11 IST" skipped="0">
  <testcase classname="testNG.CheckReports" name="chekRepot" time="0.018"/>
  <system-out>
    <![CDATA[Adesh]]>
  </system-out>
</testsuite> <!-- testNG.CheckReports -->
