<?xml version="1.0" encoding="UTF-8"?>
<!-- Generated by org.testng.reporters.JUnitReportReporter -->
<testsuite hostname="DESKTOP-G3TGTDA" failures="0" tests="12" name="testNGflags.Flag8" time="0.076" errors="0" timestamp="2023-03-03T21:37:27 IST" skipped="0">
  <testcase classname="testNGflags.Flag8" name="ft4" time="0.003"/>
  <system-out>
    <![CDATA[Functional Test case 4 executed]]>
  </system-out>
  <testcase classname="testNGflags.Flag8" name="ft6" time="0.016"/>
  <system-out>
    <![CDATA[Functional test case 6 executed]]>
  </system-out>
  <testcase classname="testNGflags.Flag8" name="st2" time="0.006"/>
  <system-out>
    <![CDATA[Smoke Test case 2 excuted]]>
  </system-out>
  <testcase classname="testNGflags.Flag8" name="st3" time="0.005"/>
  <system-out>
    <![CDATA[Smoke Test case 3 excuted]]>
  </system-out>
  <testcase classname="testNGflags.Flag8" name="st4" time="0.002"/>
  <system-out>
    <![CDATA[Smoke Test case 4 excuted]]>
  </system-out>
  <testcase classname="testNGflags.Flag8" name="st6" time="0.003"/>
  <system-out>
    <![CDATA[Smoke Test case 6 excuted]]>
  </system-out>
  <testcase classname="testNGflags.Flag8" name="ft2" time="0.007"/>
  <system-out>
    <![CDATA[Functional Test case 2 executed]]>
  </system-out>
  <testcase classname="testNGflags.Flag8" name="ft3" time="0.003"/>
  <system-out>
    <![CDATA[Functional Test case 3 executed]]>
  </system-out>
  <testcase classname="testNGflags.Flag8" name="ft1" time="0.016"/>
  <system-out>
    <![CDATA[Functional Test case 1 executed]]>
  </system-out>
  <testcase classname="testNGflags.Flag8" name="st1" time="0.006"/>
  <system-out>
    <![CDATA[Smoke Test case 1 excuted]]>
  </system-out>
  <testcase classname="testNGflags.Flag8" name="ft5" time="0.007"/>
  <system-out>
    <![CDATA[Functional Test case 5 executed]]>
  </system-out>
  <testcase classname="testNGflags.Flag8" name="st5" time="0.002"/>
  <system-out>
    <![CDATA[Smoke Test case 5 excuted]]>
  </system-out>
</testsuite> <!-- testNGflags.Flag8 -->
