<?xml version="1.0" encoding="UTF-8"?>
<!-- Generated by org.testng.reporters.JUnitReportReporter -->
<testsuite hostname="DESKTOP-G3TGTDA" failures="0" tests="1" name="TestNgParalelExecution.Class3" time="28.472" errors="0" timestamp="2023-03-04T15:10:14 IST" skipped="0">
  <testcase classname="TestNgParalelExecution.Class3" name="chennaiSuperKings" time="28.472"/>
  <system-out/>
</testsuite> <!-- TestNgParalelExecution.Class3 -->
