<?xml version="1.0" encoding="UTF-8"?>
<!-- Generated by org.testng.reporters.JUnitReportReporter -->
<testsuite hostname="DESKTOP-G3TGTDA" failures="0" tests="3" name="testNGflags.Flag3" time="0.030" errors="0" timestamp="2023-03-02T21:38:45 IST" skipped="0">
  <testcase classname="testNGflags.Flag3" name="loginMethod" time="0.018"/>
  <system-out>
    <![CDATA[login method]]>
  </system-out>
  <testcase classname="testNGflags.Flag3" name="createUser" time="0.007"/>
  <system-out>
    <![CDATA[create user method]]>
  </system-out>
  <testcase classname="testNGflags.Flag3" name="logoutMethod" time="0.005"/>
  <system-out>
    <![CDATA[logout method]]>
  </system-out>
</testsuite> <!-- testNGflags.Flag3 -->
