<?xml version="1.0" encoding="UTF-8"?>
<!-- Generated by org.testng.reporters.JUnitReportReporter -->
<testsuite hostname="DESKTOP-G3TGTDA" failures="0" tests="2" name="testNGflags.Flag1" time="0.024" errors="0" timestamp="2023-03-02T17:08:58 IST" skipped="0">
  <testcase classname="testNGflags.Flag1" name="flag1" time="0.021"/>
  <system-out>
    <![CDATA[Logging in......]]>
  </system-out>
  <testcase classname="testNGflags.Flag1" name="flag2" time="0.003"/>
  <system-out>
    <![CDATA[Logging Out....]]>
  </system-out>
</testsuite> <!-- testNGflags.Flag1 -->
