<?xml version="1.0" encoding="UTF-8"?>
<!-- Generated by org.testng.reporters.JUnitReportReporter -->
<testsuite hostname="DESKTOP-G3TGTDA" failures="0" tests="1" name="testNG.NewTest2" time="0.003" errors="0" timestamp="2023-03-02T17:01:08 IST" skipped="0">
  <testcase classname="testNG.NewTest2" name="demo2" time="0.003"/>
  <system-out/>
</testsuite> <!-- testNG.NewTest2 -->
