<?xml version="1.0" encoding="UTF-8"?>
<!-- Generated by org.testng.reporters.JUnitReportReporter -->
<testsuite hostname="DESKTOP-G3TGTDA" failures="0" tests="1" name="TestNgParalelExecution.Class4" time="28.162" errors="0" timestamp="2023-03-04T15:10:14 IST" skipped="0">
  <testcase classname="TestNgParalelExecution.Class4" name="gujratTitans" time="28.162"/>
  <system-out/>
</testsuite> <!-- TestNgParalelExecution.Class4 -->
