<?xml version="1.0" encoding="UTF-8"?>
<!-- Generated by org.testng.reporters.JUnitReportReporter -->
<testsuite hostname="DESKTOP-G3TGTDA" failures="0" tests="7" name="testNGflags.flag3Assignment" time="0.048" errors="0" timestamp="2023-03-02T22:04:23 IST" skipped="0">
  <testcase classname="testNGflags.flag3Assignment" name="y" time="0.007"/>
  <system-out>
    <![CDATA[y method]]>
  </system-out>
  <testcase classname="testNGflags.flag3Assignment" name="k" time="0.003"/>
  <system-out>
    <![CDATA[k method]]>
  </system-out>
  <testcase classname="testNGflags.flag3Assignment" name="q" time="0.003"/>
  <system-out>
    <![CDATA[q method]]>
  </system-out>
  <testcase classname="testNGflags.flag3Assignment" name="f" time="0.018"/>
  <system-out>
    <![CDATA[f method]]>
  </system-out>
  <testcase classname="testNGflags.flag3Assignment" name="g" time="0.006"/>
  <system-out>
    <![CDATA[g method]]>
  </system-out>
  <testcase classname="testNGflags.flag3Assignment" name="a" time="0.007"/>
  <system-out>
    <![CDATA[a method]]>
  </system-out>
  <testcase classname="testNGflags.flag3Assignment" name="u" time="0.004"/>
  <system-out>
    <![CDATA[u method]]>
  </system-out>
</testsuite> <!-- testNGflags.flag3Assignment -->
