<?xml version="1.0" encoding="UTF-8"?>
<!-- Generated by org.testng.reporters.JUnitReportReporter -->
<testsuite hostname="DESKTOP-G3TGTDA" failures="0" tests="2" name="testNG.LoginActiTime" time="14.140" errors="0" timestamp="2023-03-04T15:11:00 IST" skipped="0">
  <testcase classname="testNG.LoginActiTime" name="loginToAtiTime" time="4.616"/>
  <system-out/>
  <testcase classname="testNG.LoginActiTime" name="loginToAtiTime" time="9.524"/>
  <system-out/>
</testsuite> <!-- testNG.LoginActiTime -->
