<?xml version="1.0" encoding="UTF-8"?>
<!-- Generated by org.testng.reporters.JUnitReportReporter -->
<testsuite hostname="DESKTOP-G3TGTDA" failures="0" tests="1" name="TestNgParalelExecution.Class2" time="27.826" errors="0" timestamp="2023-03-04T15:10:14 IST" skipped="0">
  <testcase classname="TestNgParalelExecution.Class2" name="kKR" time="27.826"/>
  <system-out/>
</testsuite> <!-- TestNgParalelExecution.Class2 -->
