<?xml version="1.0" encoding="UTF-8"?>
<!-- Generated by org.testng.reporters.JUnitReportReporter -->
<testsuite hostname="DESKTOP-G3TGTDA" failures="0" tests="2" name="testNGflags.Flag4" time="0.020" errors="0" timestamp="2023-03-02T22:12:46 IST" skipped="1">
  <testcase classname="testNGflags.Flag4" name="login" time="0.020"/>
  <system-out>
    <![CDATA[logging in.....]]>
  </system-out>
  <testcase classname="testNGflags.Flag4" name="createUser">
    <skipped/>
  </testcase> <!-- createUser -->
  <system-out/>
</testsuite> <!-- testNGflags.Flag4 -->
