<?xml version="1.0" encoding="UTF-8"?>
<!-- Generated by org.testng.reporters.JUnitReportReporter -->
<testsuite hostname="DESKTOP-G3TGTDA" failures="0" tests="10" name="testNGflags.Flag5" time="0.045" errors="0" timestamp="2023-03-02T22:20:08 IST" skipped="0">
  <testcase classname="testNGflags.Flag5" name="loginButtonEnabledDisabled" time="0.005"/>
  <system-out>
    <![CDATA[disabled!!]]>
  </system-out>
  <testcase classname="testNGflags.Flag5" name="loginButtonEnabledDisabled" time="0.002"/>
  <system-out>
    <![CDATA[disabled!!]]>
  </system-out>
  <testcase classname="testNGflags.Flag5" name="loginButtonEnabledDisabled" time="0.004"/>
  <system-out>
    <![CDATA[disabled!!]]>
  </system-out>
  <testcase classname="testNGflags.Flag5" name="loginButtonEnabledDisabled" time="0.002"/>
  <system-out>
    <![CDATA[disabled!!]]>
  </system-out>
  <testcase classname="testNGflags.Flag5" name="loginButtonEnabledDisabled" time="0.004"/>
  <system-out>
    <![CDATA[disabled!!]]>
  </system-out>
  <testcase classname="testNGflags.Flag5" name="loginButtonEnabledDisabled" time="0.003"/>
  <system-out>
    <![CDATA[disabled!!]]>
  </system-out>
  <testcase classname="testNGflags.Flag5" name="loginButtonEnabledDisabled" time="0.001"/>
  <system-out>
    <![CDATA[disabled!!]]>
  </system-out>
  <testcase classname="testNGflags.Flag5" name="loginButtonEnabledDisabled" time="0.019"/>
  <system-out>
    <![CDATA[disabled!!]]>
  </system-out>
  <testcase classname="testNGflags.Flag5" name="loginButtonEnabledDisabled" time="0.003"/>
  <system-out>
    <![CDATA[disabled!!]]>
  </system-out>
  <testcase classname="testNGflags.Flag5" name="loginButtonEnabledDisabled" time="0.002"/>
  <system-out>
    <![CDATA[disabled!!]]>
  </system-out>
</testsuite> <!-- testNGflags.Flag5 -->
